<?xml version="1.0" encoding="UTF-8"?>
<testng-results skipped="0" failed="1" total="5" passed="4">
  <reporter-output>
  </reporter-output>
  <suite name="com.epam.testing.SeasonAutomationTest" duration-ms="131408" started-at="2015-12-26T23:11:45Z" finished-at="2015-12-26T23:13:56Z">
    <groups>
    </groups>
    <test name="Command line test" duration-ms="131408" started-at="2015-12-26T23:11:45Z" finished-at="2015-12-26T23:13:56Z">
      <class name="com.epam.testing.SeasonAutomationTest">
        <test-method status="PASS" signature="setUp()[pri:0, instance:com.epam.testing.SeasonAutomationTest@3b81a1bc]" name="setUp" is-config="true" duration-ms="10196" started-at="2015-12-27T01:11:45Z" description="Init browser" finished-at="2015-12-27T01:11:55Z">
          <reporter-output>
          </reporter-output>
        </test-method> <!-- setUp -->
        <test-method status="PASS" signature="oneCanAddComment()[pri:0, instance:com.epam.testing.SeasonAutomationTest@3b81a1bc]" name="oneCanAddComment" duration-ms="10886" started-at="2015-12-27T01:11:55Z" finished-at="2015-12-27T01:12:06Z">
          <reporter-output>
          </reporter-output>
        </test-method> <!-- oneCanAddComment -->
        <test-method status="PASS" signature="stopBrowser()[pri:0, instance:com.epam.testing.SeasonAutomationTest@3b81a1bc]" name="stopBrowser" is-config="true" duration-ms="19" started-at="2015-12-27T01:12:06Z" description="Stop Browser" finished-at="2015-12-27T01:12:06Z">
          <reporter-output>
          </reporter-output>
        </test-method> <!-- stopBrowser -->
        <test-method status="PASS" signature="setUp()[pri:0, instance:com.epam.testing.SeasonAutomationTest@3b81a1bc]" name="setUp" is-config="true" duration-ms="7605" started-at="2015-12-27T01:12:06Z" description="Init browser" finished-at="2015-12-27T01:12:14Z">
          <reporter-output>
          </reporter-output>
        </test-method> <!-- setUp -->
        <test-method status="PASS" signature="oneCanDeleteMark()[pri:0, instance:com.epam.testing.SeasonAutomationTest@3b81a1bc]" name="oneCanDeleteMark" duration-ms="31704" started-at="2015-12-27T01:12:14Z" finished-at="2015-12-27T01:12:45Z">
          <reporter-output>
          </reporter-output>
        </test-method> <!-- oneCanDeleteMark -->
        <test-method status="PASS" signature="stopBrowser()[pri:0, instance:com.epam.testing.SeasonAutomationTest@3b81a1bc]" name="stopBrowser" is-config="true" duration-ms="27" started-at="2015-12-27T01:12:45Z" description="Stop Browser" finished-at="2015-12-27T01:12:45Z">
          <reporter-output>
          </reporter-output>
        </test-method> <!-- stopBrowser -->
        <test-method status="PASS" signature="setUp()[pri:0, instance:com.epam.testing.SeasonAutomationTest@3b81a1bc]" name="setUp" is-config="true" duration-ms="8080" started-at="2015-12-27T01:12:45Z" description="Init browser" finished-at="2015-12-27T01:12:53Z">
          <reporter-output>
          </reporter-output>
        </test-method> <!-- setUp -->
        <test-method status="PASS" signature="oneCanLoginSeason()[pri:0, instance:com.epam.testing.SeasonAutomationTest@3b81a1bc]" name="oneCanLoginSeason" duration-ms="9445" started-at="2015-12-27T01:12:53Z" description="Login to Seasonvar" finished-at="2015-12-27T01:13:03Z">
          <reporter-output>
          </reporter-output>
        </test-method> <!-- oneCanLoginSeason -->
        <test-method status="PASS" signature="stopBrowser()[pri:0, instance:com.epam.testing.SeasonAutomationTest@3b81a1bc]" name="stopBrowser" is-config="true" duration-ms="9" started-at="2015-12-27T01:13:03Z" description="Stop Browser" finished-at="2015-12-27T01:13:03Z">
          <reporter-output>
          </reporter-output>
        </test-method> <!-- stopBrowser -->
        <test-method status="PASS" signature="setUp()[pri:0, instance:com.epam.testing.SeasonAutomationTest@3b81a1bc]" name="setUp" is-config="true" duration-ms="8371" started-at="2015-12-27T01:13:03Z" description="Init browser" finished-at="2015-12-27T01:13:11Z">
          <reporter-output>
          </reporter-output>
        </test-method> <!-- setUp -->
        <test-method status="PASS" signature="oneCanMarkOfSeries()[pri:0, instance:com.epam.testing.SeasonAutomationTest@3b81a1bc]" name="oneCanMarkOfSeries" duration-ms="22031" started-at="2015-12-27T01:13:11Z" finished-at="2015-12-27T01:13:33Z">
          <reporter-output>
          </reporter-output>
        </test-method> <!-- oneCanMarkOfSeries -->
        <test-method status="PASS" signature="stopBrowser()[pri:0, instance:com.epam.testing.SeasonAutomationTest@3b81a1bc]" name="stopBrowser" is-config="true" duration-ms="63" started-at="2015-12-27T01:13:33Z" description="Stop Browser" finished-at="2015-12-27T01:13:33Z">
          <reporter-output>
          </reporter-output>
        </test-method> <!-- stopBrowser -->
        <test-method status="PASS" signature="setUp()[pri:0, instance:com.epam.testing.SeasonAutomationTest@3b81a1bc]" name="setUp" is-config="true" duration-ms="8605" started-at="2015-12-27T01:13:33Z" description="Init browser" finished-at="2015-12-27T01:13:42Z">
          <reporter-output>
          </reporter-output>
        </test-method> <!-- setUp -->
        <test-method status="FAIL" signature="oneCanSearch()[pri:0, instance:com.epam.testing.SeasonAutomationTest@3b81a1bc]" name="oneCanSearch" duration-ms="14340" started-at="2015-12-27T01:13:42Z" finished-at="2015-12-27T01:13:56Z">
          <exception class="java.lang.AssertionError">
            <message>
              <![CDATA[expected [true] but found [false]]]>
            </message>
            <full-stacktrace>
              <![CDATA[java.lang.AssertionError: expected [true] but found [false]
	at org.testng.Assert.fail(Assert.java:94)
	at org.testng.Assert.failNotEquals(Assert.java:494)
	at org.testng.Assert.assertTrue(Assert.java:42)
	at org.testng.Assert.assertTrue(Assert.java:52)
	at com.epam.testing.SeasonAutomationTest.oneCanSearch(SeasonAutomationTest.java:35)
	at sun.reflect.NativeMethodAccessorImpl.invoke0(Native Method)
	at sun.reflect.NativeMethodAccessorImpl.invoke(NativeMethodAccessorImpl.java:62)
	at sun.reflect.DelegatingMethodAccessorImpl.invoke(DelegatingMethodAccessorImpl.java:43)
	at java.lang.reflect.Method.invoke(Method.java:497)
	at org.testng.internal.MethodInvocationHelper.invokeMethod(MethodInvocationHelper.java:84)
	at org.testng.internal.Invoker.invokeMethod(Invoker.java:714)
	at org.testng.internal.Invoker.invokeTestMethod(Invoker.java:901)
	at org.testng.internal.Invoker.invokeTestMethods(Invoker.java:1231)
	at org.testng.internal.TestMethodWorker.invokeTestMethods(TestMethodWorker.java:127)
	at org.testng.internal.TestMethodWorker.run(TestMethodWorker.java:111)
	at org.testng.TestRunner.privateRun(TestRunner.java:767)
	at org.testng.TestRunner.run(TestRunner.java:617)
	at org.testng.SuiteRunner.runTest(SuiteRunner.java:348)
	at org.testng.SuiteRunner.runSequentially(SuiteRunner.java:343)
	at org.testng.SuiteRunner.privateRun(SuiteRunner.java:305)
	at org.testng.SuiteRunner.run(SuiteRunner.java:254)
	at org.testng.SuiteRunnerWorker.runSuite(SuiteRunnerWorker.java:52)
	at org.testng.SuiteRunnerWorker.run(SuiteRunnerWorker.java:86)
	at org.testng.TestNG.runSuitesSequentially(TestNG.java:1224)
	at org.testng.TestNG.runSuitesLocally(TestNG.java:1149)
	at org.testng.TestNG.run(TestNG.java:1057)
	at org.apache.maven.surefire.testng.TestNGExecutor.run(TestNGExecutor.java:77)
	at org.apache.maven.surefire.testng.TestNGDirectoryTestSuite.execute(TestNGDirectoryTestSuite.java:110)
	at org.apache.maven.surefire.testng.TestNGProvider.invoke(TestNGProvider.java:106)
	at sun.reflect.NativeMethodAccessorImpl.invoke0(Native Method)
	at sun.reflect.NativeMethodAccessorImpl.invoke(NativeMethodAccessorImpl.java:62)
	at sun.reflect.DelegatingMethodAccessorImpl.invoke(DelegatingMethodAccessorImpl.java:43)
	at java.lang.reflect.Method.invoke(Method.java:497)
	at org.apache.maven.surefire.util.ReflectionUtils.invokeMethodWithArray(ReflectionUtils.java:189)
	at org.apache.maven.surefire.booter.ProviderFactory$ProviderProxy.invoke(ProviderFactory.java:165)
	at org.apache.maven.surefire.booter.ProviderFactory.invokeProvider(ProviderFactory.java:85)
	at org.apache.maven.surefire.booter.ForkedBooter.runSuitesInProcess(ForkedBooter.java:115)
	at org.apache.maven.surefire.booter.ForkedBooter.main(ForkedBooter.java:75)
]]>
            </full-stacktrace>
          </exception> <!-- java.lang.AssertionError -->
          <reporter-output>
          </reporter-output>
        </test-method> <!-- oneCanSearch -->
        <test-method status="PASS" signature="stopBrowser()[pri:0, instance:com.epam.testing.SeasonAutomationTest@3b81a1bc]" name="stopBrowser" is-config="true" duration-ms="11" started-at="2015-12-27T01:13:56Z" description="Stop Browser" finished-at="2015-12-27T01:13:56Z">
          <reporter-output>
          </reporter-output>
        </test-method> <!-- stopBrowser -->
      </class> <!-- com.epam.testing.SeasonAutomationTest -->
    </test> <!-- Command line test -->
  </suite> <!-- com.epam.testing.SeasonAutomationTest -->
</testng-results>
