<!DOCTYPE html PUBLIC "-//W3C//DTD XHTML 1.1//EN" "http://www.w3.org/TR/xhtml11/DTD/xhtml11.dtd">
<html xmlns="http://www.w3.org/1999/xhtml"><head><title>TestNG Report</title><style type="text/css">table {margin-bottom:10px;border-collapse:collapse;empty-cells:show}th,td {border:1px solid #009;padding:.25em .5em}th {vertical-align:bottom}td {vertical-align:top}table a {font-weight:bold}.stripe td {background-color: #E6EBF9}.num {text-align:right}.passedodd td {background-color: #3F3}.passedeven td {background-color: #0A0}.skippedodd td {background-color: #DDD}.skippedeven td {background-color: #CCC}.failedodd td,.attn {background-color: #F33}.failedeven td,.stripe .attn {background-color: #D00}.stacktrace {white-space:pre;font-family:monospace}.totop {font-size:85%;text-align:center;border-bottom:2px solid #000}</style></head><body><table><tr><th>Test</th><th># Passed</th><th># Skipped</th><th># Failed</th><th>Time (ms)</th><th>Included Groups</th><th>Excluded Groups</th></tr><tr><th colspan="7">com.epam.testing.SeasonAutomationTest</th></tr><tr><td><a href="#t0">Command line test</a></td><td class="num">3</td><td class="num">0</td><td class="num attn">2</td><td class="num">468 129</td><td></td><td></td></tr></table><table><thead><tr><th>Class</th><th>Method</th><th>Start</th><th>Time (ms)</th></tr></thead><tbody><tr><th colspan="4">com.epam.testing.SeasonAutomationTest</th></tr></tbody><tbody id="t0"><tr><th colspan="4">Command line test &#8212; failed</th></tr><tr class="failedeven"><td rowspan="2">com.epam.testing.SeasonAutomationTest</td><td><a href="#m0">oneCanAddComment</a></td><td rowspan="1">1451306484879</td><td rowspan="1">74866</td></tr><tr class="failedeven"><td><a href="#m1">oneCanDeleteMark</a></td><td rowspan="1">1451306596217</td><td rowspan="1">145613</td></tr><tr><th colspan="4">Command line test &#8212; passed</th></tr><tr class="passedeven"><td rowspan="3">com.epam.testing.SeasonAutomationTest</td><td><a href="#m2">oneCanLoginSeason</a></td><td rowspan="1">1451306753464</td><td rowspan="1">46568</td></tr><tr class="passedeven"><td><a href="#m3">oneCanMarkOfSeries</a></td><td rowspan="1">1451306813812</td><td rowspan="1">60557</td></tr><tr class="passedeven"><td><a href="#m4">oneCanSearch</a></td><td rowspan="1">1451306896550</td><td rowspan="1">21705</td></tr></tbody></table><h2>Command line test</h2><h3 id="m0">com.epam.testing.SeasonAutomationTest#oneCanAddComment</h3><table class="result"><tr><th>Exception</th></tr><tr><td><div class="stacktrace">org.openqa.selenium.TimeoutException: Timed out waiting for page load.
Command duration or timeout: 60.03 seconds
Build info: version: &apos;2.48.2&apos;, revision: &apos;41bccdd10cf2c0560f637404c2d96164b67d9d67&apos;, time: &apos;2015-10-09 13:08:06&apos;
System info: host: &apos;NataliaP&apos;, ip: &apos;10.160.0.240&apos;, os.name: &apos;Windows 7&apos;, os.arch: &apos;amd64&apos;, os.version: &apos;6.1&apos;, java.version: &apos;1.8.0_60&apos;
Driver info: org.openqa.selenium.firefox.FirefoxDriver
Capabilities [{applicationCacheEnabled=true, rotatable=false, handlesAlerts=true, databaseEnabled=true, version=43.0.2, platform=WINDOWS, nativeEvents=false, acceptSslCerts=true, webStorageEnabled=true, locationContextEnabled=true, browserName=firefox, takesScreenshot=true, javascriptEnabled=true, cssSelectorsEnabled=true}]
Session ID: 797789e9-f808-4c38-ad04-d454c776e0bb
	at org.openqa.selenium.remote.ErrorHandler.createThrowable(ErrorHandler.java:206)
	at org.openqa.selenium.remote.ErrorHandler.throwIfResponseFailed(ErrorHandler.java:158)
	at org.openqa.selenium.remote.RemoteWebDriver.execute(RemoteWebDriver.java:647)
	at org.openqa.selenium.remote.RemoteWebElement.execute(RemoteWebElement.java:326)
	at org.openqa.selenium.remote.RemoteWebElement.click(RemoteWebElement.java:84)
	at org.openqa.selenium.support.pagefactory.internal.LocatingElementHandler.invoke(LocatingElementHandler.java:51)
	at com.sun.proxy.$Proxy5.click(Unknown Source)
	at com.epam.testing.pages.LoginPage.login(LoginPage.java:43)
	at com.epam.testing.steps.Steps.loginSeason(Steps.java:36)
	at com.epam.testing.SeasonAutomationTest.oneCanAddComment(SeasonAutomationTest.java:58)
Caused by: org.openqa.selenium.TimeoutException: Timed out waiting for page load.
Build info: version: &apos;2.48.2&apos;, revision: &apos;41bccdd10cf2c0560f637404c2d96164b67d9d67&apos;, time: &apos;2015-10-09 13:08:06&apos;
System info: host: &apos;NataliaP&apos;, ip: &apos;10.160.0.240&apos;, os.name: &apos;Windows 7&apos;, os.arch: &apos;amd64&apos;, os.version: &apos;6.1&apos;, java.version: &apos;1.8.0_60&apos;
Driver info: driver.version: unknown
	at &lt;anonymous class&gt;.Utils.installClickListener/e&lt;(file:///C:/Users/836D~1/AppData/Local/Temp/anonymous8109935364685293346webdriver-profile/extensions/fxdriver@googlecode.com/components/command-processor.js:9269)
	at &lt;anonymous class&gt;.WebLoadingListener/e(file:///C:/Users/836D~1/AppData/Local/Temp/anonymous8109935364685293346webdriver-profile/extensions/fxdriver@googlecode.com/components/command-processor.js:5114)
	at &lt;anonymous class&gt;.WebLoadingListener/&lt;(file:///C:/Users/836D~1/AppData/Local/Temp/anonymous8109935364685293346webdriver-profile/extensions/fxdriver@googlecode.com/components/command-processor.js:5122)
	at &lt;anonymous class&gt;.fxdriver.Timer.prototype.setTimeout/&lt;.notify(file:///C:/Users/836D~1/AppData/Local/Temp/anonymous8109935364685293346webdriver-profile/extensions/fxdriver@googlecode.com/components/command-processor.js:621)
... Removed 41 stack frames</div></td></tr></table><p class="totop"><a href="#summary">back to summary</a></p><h3 id="m1">com.epam.testing.SeasonAutomationTest#oneCanDeleteMark</h3><table class="result"><tr><th>Exception</th></tr><tr><td><div class="stacktrace">org.openqa.selenium.NoSuchElementException: Unable to locate element: {&quot;method&quot;:&quot;xpath&quot;,&quot;selector&quot;:&quot;//img[@class=&apos;pauseDel &apos;]&quot;}
Command duration or timeout: 60.16 seconds
For documentation on this error, please visit: http://seleniumhq.org/exceptions/no_such_element.html
Build info: version: &apos;2.48.2&apos;, revision: &apos;41bccdd10cf2c0560f637404c2d96164b67d9d67&apos;, time: &apos;2015-10-09 13:08:06&apos;
System info: host: &apos;NataliaP&apos;, ip: &apos;10.160.0.240&apos;, os.name: &apos;Windows 7&apos;, os.arch: &apos;amd64&apos;, os.version: &apos;6.1&apos;, java.version: &apos;1.8.0_60&apos;
Driver info: org.openqa.selenium.firefox.FirefoxDriver
Capabilities [{applicationCacheEnabled=true, rotatable=false, handlesAlerts=true, databaseEnabled=true, version=43.0.2, platform=WINDOWS, nativeEvents=false, acceptSslCerts=true, webStorageEnabled=true, locationContextEnabled=true, browserName=firefox, takesScreenshot=true, javascriptEnabled=true, cssSelectorsEnabled=true}]
Session ID: 9bdfd469-e5ee-49a6-abfc-0d959211f71a
*** Element info: {Using=xpath, value=//img[@class=&apos;pauseDel &apos;]}
	at org.openqa.selenium.remote.ErrorHandler.createThrowable(ErrorHandler.java:206)
	at org.openqa.selenium.remote.ErrorHandler.throwIfResponseFailed(ErrorHandler.java:158)
	at org.openqa.selenium.remote.RemoteWebDriver.execute(RemoteWebDriver.java:647)
	at org.openqa.selenium.remote.RemoteWebDriver.findElement(RemoteWebDriver.java:353)
	at org.openqa.selenium.remote.RemoteWebDriver.findElementByXPath(RemoteWebDriver.java:490)
	at org.openqa.selenium.By$ByXPath.findElement(By.java:361)
	at org.openqa.selenium.remote.RemoteWebDriver.findElement(RemoteWebDriver.java:345)
	at org.openqa.selenium.support.pagefactory.DefaultElementLocator.findElement(DefaultElementLocator.java:69)
	at org.openqa.selenium.support.pagefactory.internal.LocatingElementHandler.invoke(LocatingElementHandler.java:38)
	at com.sun.proxy.$Proxy5.click(Unknown Source)
	at com.epam.testing.pages.PausePage.markOfDelete(PausePage.java:46)
	at com.epam.testing.steps.Steps.deleteMark(Steps.java:80)
	at com.epam.testing.SeasonAutomationTest.oneCanDeleteMark(SeasonAutomationTest.java:51)
Caused by: org.openqa.selenium.NoSuchElementException: Unable to locate element: {&quot;method&quot;:&quot;xpath&quot;,&quot;selector&quot;:&quot;//img[@class=&apos;pauseDel &apos;]&quot;}
For documentation on this error, please visit: http://seleniumhq.org/exceptions/no_such_element.html
Build info: version: &apos;2.48.2&apos;, revision: &apos;41bccdd10cf2c0560f637404c2d96164b67d9d67&apos;, time: &apos;2015-10-09 13:08:06&apos;
System info: host: &apos;NataliaP&apos;, ip: &apos;10.160.0.240&apos;, os.name: &apos;Windows 7&apos;, os.arch: &apos;amd64&apos;, os.version: &apos;6.1&apos;, java.version: &apos;1.8.0_60&apos;
Driver info: driver.version: unknown
	at &lt;anonymous class&gt;.FirefoxDriver.prototype.findElementInternal_(file:///C:/Users/836D~1/AppData/Local/Temp/anonymous221816332172264769webdriver-profile/extensions/fxdriver@googlecode.com/components/driver-component.js:10659)
	at &lt;anonymous class&gt;.fxdriver.Timer.prototype.setTimeout/&lt;.notify(file:///C:/Users/836D~1/AppData/Local/Temp/anonymous221816332172264769webdriver-profile/extensions/fxdriver@googlecode.com/components/driver-component.js:621)
... Removed 37 stack frames</div></td></tr></table><p class="totop"><a href="#summary">back to summary</a></p><h3 id="m2">com.epam.testing.SeasonAutomationTest#oneCanLoginSeason</h3><table class="result"></table><p class="totop"><a href="#summary">back to summary</a></p><h3 id="m3">com.epam.testing.SeasonAutomationTest#oneCanMarkOfSeries</h3><table class="result"></table><p class="totop"><a href="#summary">back to summary</a></p><h3 id="m4">com.epam.testing.SeasonAutomationTest#oneCanSearch</h3><table class="result"></table><p class="totop"><a href="#summary">back to summary</a></p></body></html>