<?xml version="1.0" encoding="UTF-8"?>
<!-- Generated by org.testng.reporters.JUnitXMLReporter -->
<testsuite hostname="NataliaP" name="Command line test" tests="5" failures="2" timestamp="28 Dec 2015 12:48:38 GMT" time="468.129" errors="0">
  <testcase name="oneCanAddComment" time="74.866" classname="com.epam.testing.SeasonAutomationTest">
    <failure type="org.openqa.selenium.TimeoutException" message="Timed out waiting for page load.
Command duration or timeout: 60.03 seconds
Build info: version: &amp;apos;2.48.2&amp;apos;, revision: &amp;apos;41bccdd10cf2c0560f637404c2d96164b67d9d67&amp;apos;, time: &amp;apos;2015-10-09 13:08:06&amp;apos;
System info: host: &amp;apos;NataliaP&amp;apos;, ip: &amp;apos;10.160.0.240&amp;apos;, os.name: &amp;apos;Windows 7&amp;apos;, os.arch: &amp;apos;amd64&amp;apos;, os.version: &amp;apos;6.1&amp;apos;, java.version: &amp;apos;1.8.0_60&amp;apos;
Driver info: org.openqa.selenium.firefox.FirefoxDriver
Capabilities [{applicationCacheEnabled=true, rotatable=false, handlesAlerts=true, databaseEnabled=true, version=43.0.2, platform=WINDOWS, nativeEvents=false, acceptSslCerts=true, webStorageEnabled=true, locationContextEnabled=true, browserName=firefox, takesScreenshot=true, javascriptEnabled=true, cssSelectorsEnabled=true}]
Session ID: 797789e9-f808-4c38-ad04-d454c776e0bb">
      <![CDATA[org.openqa.selenium.TimeoutException: Timed out waiting for page load.
Command duration or timeout: 60.03 seconds
Build info: version: '2.48.2', revision: '41bccdd10cf2c0560f637404c2d96164b67d9d67', time: '2015-10-09 13:08:06'
System info: host: 'NataliaP', ip: '10.160.0.240', os.name: 'Windows 7', os.arch: 'amd64', os.version: '6.1', java.version: '1.8.0_60'
Driver info: org.openqa.selenium.firefox.FirefoxDriver
Capabilities [{applicationCacheEnabled=true, rotatable=false, handlesAlerts=true, databaseEnabled=true, version=43.0.2, platform=WINDOWS, nativeEvents=false, acceptSslCerts=true, webStorageEnabled=true, locationContextEnabled=true, browserName=firefox, takesScreenshot=true, javascriptEnabled=true, cssSelectorsEnabled=true}]
Session ID: 797789e9-f808-4c38-ad04-d454c776e0bb
	at org.openqa.selenium.remote.ErrorHandler.createThrowable(ErrorHandler.java:206)
	at org.openqa.selenium.remote.ErrorHandler.throwIfResponseFailed(ErrorHandler.java:158)
	at org.openqa.selenium.remote.RemoteWebDriver.execute(RemoteWebDriver.java:647)
	at org.openqa.selenium.remote.RemoteWebElement.execute(RemoteWebElement.java:326)
	at org.openqa.selenium.remote.RemoteWebElement.click(RemoteWebElement.java:84)
	at org.openqa.selenium.support.pagefactory.internal.LocatingElementHandler.invoke(LocatingElementHandler.java:51)
	at com.sun.proxy.$Proxy5.click(Unknown Source)
	at com.epam.testing.pages.LoginPage.login(LoginPage.java:43)
	at com.epam.testing.steps.Steps.loginSeason(Steps.java:36)
	at com.epam.testing.SeasonAutomationTest.oneCanAddComment(SeasonAutomationTest.java:58)
Caused by: org.openqa.selenium.TimeoutException: Timed out waiting for page load.
Build info: version: '2.48.2', revision: '41bccdd10cf2c0560f637404c2d96164b67d9d67', time: '2015-10-09 13:08:06'
System info: host: 'NataliaP', ip: '10.160.0.240', os.name: 'Windows 7', os.arch: 'amd64', os.version: '6.1', java.version: '1.8.0_60'
Driver info: driver.version: unknown
	at <anonymous class>.Utils.installClickListener/e<(file:///C:/Users/836D~1/AppData/Local/Temp/anonymous8109935364685293346webdriver-profile/extensions/fxdriver@googlecode.com/components/command-processor.js:9269)
	at <anonymous class>.WebLoadingListener/e(file:///C:/Users/836D~1/AppData/Local/Temp/anonymous8109935364685293346webdriver-profile/extensions/fxdriver@googlecode.com/components/command-processor.js:5114)
	at <anonymous class>.WebLoadingListener/<(file:///C:/Users/836D~1/AppData/Local/Temp/anonymous8109935364685293346webdriver-profile/extensions/fxdriver@googlecode.com/components/command-processor.js:5122)
	at <anonymous class>.fxdriver.Timer.prototype.setTimeout/<.notify(file:///C:/Users/836D~1/AppData/Local/Temp/anonymous8109935364685293346webdriver-profile/extensions/fxdriver@googlecode.com/components/command-processor.js:621)
... Removed 41 stack frames]]>
    </failure>
  </testcase> <!-- oneCanAddComment -->
  <testcase name="oneCanDeleteMark" time="145.613" classname="com.epam.testing.SeasonAutomationTest">
    <failure type="org.openqa.selenium.NoSuchElementException" message="Unable to locate element: {&amp;quot;method&amp;quot;:&amp;quot;xpath&amp;quot;,&amp;quot;selector&amp;quot;:&amp;quot;//img[@class=&amp;apos;pauseDel &amp;apos;]&amp;quot;}
Command duration or timeout: 60.16 seconds
For documentation on this error, please visit: http://seleniumhq.org/exceptions/no_such_element.html
Build info: version: &amp;apos;2.48.2&amp;apos;, revision: &amp;apos;41bccdd10cf2c0560f637404c2d96164b67d9d67&amp;apos;, time: &amp;apos;2015-10-09 13:08:06&amp;apos;
System info: host: &amp;apos;NataliaP&amp;apos;, ip: &amp;apos;10.160.0.240&amp;apos;, os.name: &amp;apos;Windows 7&amp;apos;, os.arch: &amp;apos;amd64&amp;apos;, os.version: &amp;apos;6.1&amp;apos;, java.version: &amp;apos;1.8.0_60&amp;apos;
Driver info: org.openqa.selenium.firefox.FirefoxDriver
Capabilities [{applicationCacheEnabled=true, rotatable=false, handlesAlerts=true, databaseEnabled=true, version=43.0.2, platform=WINDOWS, nativeEvents=false, acceptSslCerts=true, webStorageEnabled=true, locationContextEnabled=true, browserName=firefox, takesScreenshot=true, javascriptEnabled=true, cssSelectorsEnabled=true}]
Session ID: 9bdfd469-e5ee-49a6-abfc-0d959211f71a
*** Element info: {Using=xpath, value=//img[@class=&amp;apos;pauseDel &amp;apos;]}">
      <![CDATA[org.openqa.selenium.NoSuchElementException: Unable to locate element: {"method":"xpath","selector":"//img[@class='pauseDel ']"}
Command duration or timeout: 60.16 seconds
For documentation on this error, please visit: http://seleniumhq.org/exceptions/no_such_element.html
Build info: version: '2.48.2', revision: '41bccdd10cf2c0560f637404c2d96164b67d9d67', time: '2015-10-09 13:08:06'
System info: host: 'NataliaP', ip: '10.160.0.240', os.name: 'Windows 7', os.arch: 'amd64', os.version: '6.1', java.version: '1.8.0_60'
Driver info: org.openqa.selenium.firefox.FirefoxDriver
Capabilities [{applicationCacheEnabled=true, rotatable=false, handlesAlerts=true, databaseEnabled=true, version=43.0.2, platform=WINDOWS, nativeEvents=false, acceptSslCerts=true, webStorageEnabled=true, locationContextEnabled=true, browserName=firefox, takesScreenshot=true, javascriptEnabled=true, cssSelectorsEnabled=true}]
Session ID: 9bdfd469-e5ee-49a6-abfc-0d959211f71a
*** Element info: {Using=xpath, value=//img[@class='pauseDel ']}
	at org.openqa.selenium.remote.ErrorHandler.createThrowable(ErrorHandler.java:206)
	at org.openqa.selenium.remote.ErrorHandler.throwIfResponseFailed(ErrorHandler.java:158)
	at org.openqa.selenium.remote.RemoteWebDriver.execute(RemoteWebDriver.java:647)
	at org.openqa.selenium.remote.RemoteWebDriver.findElement(RemoteWebDriver.java:353)
	at org.openqa.selenium.remote.RemoteWebDriver.findElementByXPath(RemoteWebDriver.java:490)
	at org.openqa.selenium.By$ByXPath.findElement(By.java:361)
	at org.openqa.selenium.remote.RemoteWebDriver.findElement(RemoteWebDriver.java:345)
	at org.openqa.selenium.support.pagefactory.DefaultElementLocator.findElement(DefaultElementLocator.java:69)
	at org.openqa.selenium.support.pagefactory.internal.LocatingElementHandler.invoke(LocatingElementHandler.java:38)
	at com.sun.proxy.$Proxy5.click(Unknown Source)
	at com.epam.testing.pages.PausePage.markOfDelete(PausePage.java:46)
	at com.epam.testing.steps.Steps.deleteMark(Steps.java:80)
	at com.epam.testing.SeasonAutomationTest.oneCanDeleteMark(SeasonAutomationTest.java:51)
Caused by: org.openqa.selenium.NoSuchElementException: Unable to locate element: {"method":"xpath","selector":"//img[@class='pauseDel ']"}
For documentation on this error, please visit: http://seleniumhq.org/exceptions/no_such_element.html
Build info: version: '2.48.2', revision: '41bccdd10cf2c0560f637404c2d96164b67d9d67', time: '2015-10-09 13:08:06'
System info: host: 'NataliaP', ip: '10.160.0.240', os.name: 'Windows 7', os.arch: 'amd64', os.version: '6.1', java.version: '1.8.0_60'
Driver info: driver.version: unknown
	at <anonymous class>.FirefoxDriver.prototype.findElementInternal_(file:///C:/Users/836D~1/AppData/Local/Temp/anonymous221816332172264769webdriver-profile/extensions/fxdriver@googlecode.com/components/driver-component.js:10659)
	at <anonymous class>.fxdriver.Timer.prototype.setTimeout/<.notify(file:///C:/Users/836D~1/AppData/Local/Temp/anonymous221816332172264769webdriver-profile/extensions/fxdriver@googlecode.com/components/driver-component.js:621)
... Removed 37 stack frames]]>
    </failure>
  </testcase> <!-- oneCanDeleteMark -->
  <testcase name="oneCanLoginSeason" time="46.568" classname="com.epam.testing.SeasonAutomationTest"/>
  <testcase name="oneCanMarkOfSeries" time="60.557" classname="com.epam.testing.SeasonAutomationTest"/>
  <testcase name="oneCanSearch" time="21.705" classname="com.epam.testing.SeasonAutomationTest"/>
</testsuite> <!-- Command line test -->
